Activity Log Purge
**********************************************************************************
Source: Engine
PostText:
ASyncLevelStreamThread launching

**********************************************************************************
Source: Engine
PostText:
ASyncLevelStreamThread::ThreadLoop()

**********************************************************************************
Source: 3953335208
PostText:
Level1 - OnBegin()

**********************************************************************************
Source: 3953335208
PostText:
Level1 - OnEnd()

**********************************************************************************
Source: Engine
PostText:
ASyncLevelStreamThread::Shutdown()

